==============================
Job ID:   4642649
Node:     submit60
Started:  Sun Mar 15 08:36:51 EDT 2026
==============================

>>> Preparing classifier data...
Found: ['T=25', 'T=50', 'T=100', 'T=250', 'T=500']
Loading real events...
  20726 real events

── Preparing RF data ──
  T=25: 20726 real  |  10000 gen
  T=50: 20726 real  |  10000 gen
  T=100: 20726 real  |  10000 gen
  T=250: 20726 real  |  10000 gen
  T=500: 20726 real  |  10000 gen
Loaded existing results for T=[25, 50, 100, 250, 500]

Done.

>>> Running RF classifiers...
Found: ['T=25', 'T=50', 'T=100', 'T=250', 'T=500']
Loading real events...
  20726 real events
Loaded existing results for T=[25, 50, 100, 250, 500]

── Running RF classifiers ──
    RF run 1/10  AUC=0.7983
    RF run 2/10  AUC=0.7957
    RF run 3/10  AUC=0.8050
    RF run 4/10  AUC=0.7990
    RF run 5/10  AUC=0.7992
    RF run 6/10  AUC=0.8000
    RF run 7/10  AUC=0.7991
    RF run 8/10  AUC=0.7991
    RF run 9/10  AUC=0.7879
    RF run 10/10  AUC=0.8001
  RF T=25: 0.7984 ± 0.0041
    RF run 1/10  AUC=0.8035
    RF run 2/10  AUC=0.7925
    RF run 3/10  AUC=0.8014
    RF run 4/10  AUC=0.8019
    RF run 5/10  AUC=0.7960
    RF run 6/10  AUC=0.7977
    RF run 7/10  AUC=0.8007
    RF run 8/10  AUC=0.7921
    RF run 9/10  AUC=0.7996
    RF run 10/10  AUC=0.7987
  RF T=50: 0.7984 ± 0.0037
    RF run 1/10  AUC=0.8016
    RF run 2/10  AUC=0.7920
    RF run 3/10  AUC=0.7887
    RF run 4/10  AUC=0.7922
    RF run 5/10  AUC=0.7975
    RF run 6/10  AUC=0.7873
    RF run 7/10  AUC=0.7852
    RF run 8/10  AUC=0.7821
    RF run 9/10  AUC=0.7959
    RF run 10/10  AUC=0.7937
  RF T=100: 0.7916 ± 0.0056
    RF run 1/10  AUC=0.7547
    RF run 2/10  AUC=0.7967
    RF run 3/10  AUC=0.7748
    RF run 4/10  AUC=0.7771
    RF run 5/10  AUC=0.7780
    RF run 6/10  AUC=0.7769
    RF run 7/10  AUC=0.7597
    RF run 8/10  AUC=0.7764
    RF run 9/10  AUC=0.7753
    RF run 10/10  AUC=0.7740
  RF T=250: 0.7744 ± 0.0106
    RF run 1/10  AUC=0.7815
    RF run 2/10  AUC=0.7842
    RF run 3/10  AUC=0.7384
    RF run 4/10  AUC=0.7799
    RF run 5/10  AUC=0.7806
    RF run 6/10  AUC=0.7755
    RF run 7/10  AUC=0.7404
    RF run 8/10  AUC=0.7453
    RF run 9/10  AUC=0.7690
    RF run 10/10  AUC=0.7465
  RF T=500: 0.7641 ± 0.0181

Done.

>>> Running GNN classifiers...
Found: ['T=25', 'T=50', 'T=100', 'T=250', 'T=500']
Loading real events...
  20726 real events
Loaded existing results for T=[25, 50, 100, 250, 500]

── Running GNN classifiers (device=cuda) ──
  GNN T=25: 10000 graphs (0 skipped)
    GNN epoch 5/15  AUC=1.0000
    GNN epoch 10/15  AUC=1.0000
    GNN epoch 15/15  AUC=1.0000
  GNN T=25: final AUC=1.0000
  GNN T=50: 10000 graphs (0 skipped)
    GNN epoch 5/15  AUC=1.0000
    GNN epoch 10/15  AUC=1.0000
    GNN epoch 15/15  AUC=1.0000
  GNN T=50: final AUC=1.0000
  GNN T=100: 10000 graphs (0 skipped)
    GNN epoch 5/15  AUC=0.9987
    GNN epoch 10/15  AUC=0.9956
    GNN epoch 15/15  AUC=1.0000
  GNN T=100: final AUC=1.0000
  GNN T=250: 10000 graphs (0 skipped)
    GNN epoch 5/15  AUC=0.9313
    GNN epoch 10/15  AUC=0.9798
    GNN epoch 15/15  AUC=0.9847
  GNN T=250: final AUC=0.9847
  GNN T=500: 10000 graphs (0 skipped)
    GNN epoch 5/15  AUC=0.9430
    GNN epoch 10/15  AUC=0.9630
    GNN epoch 15/15  AUC=0.9666
  GNN T=500: final AUC=0.9666

Done.

>>> Plotting combined results...
Found: ['T=25', 'T=50', 'T=100', 'T=250', 'T=500']
Loaded existing results for T=[25, 50, 100, 250, 500]

── Plotting ──
  Saved  /work/submit/anton100/msci-project/FCC-BB-GenAI/T_sweep_cosine_charge/auc_vs_T_combined.png
  Saved  /work/submit/anton100/msci-project/FCC-BB-GenAI/T_sweep_cosine_charge/roc_combined.png

Done.

==============================
Finished: Sun Mar 15 09:06:58 EDT 2026
==============================
